<?xml version="1.0" encoding="UTF-8"?>
<!-- Generated by org.testng.reporters.JUnitReportReporter -->
<testsuite skipped="1" hostname="DESKTOP-3C06P8T" name="com.testcase.BaseTest" tests="1" failures="0" timestamp="2020-10-18T22:58:08 IST" time="0.000" errors="0">
  <testcase name="check" time="0.000" classname="com.testcase.BaseTest">
    <skipped/>
  </testcase> <!-- check -->
  <system-out/>
</testsuite> <!-- com.testcase.BaseTest -->
