<?xml version="1.0" encoding="UTF-8"?>
<!-- Generated by org.testng.reporters.JUnitReportReporter -->
<testsuite skipped="0" hostname="DESKTOP-3C06P8T" name="Base.Simple" tests="1" failures="0" timestamp="2020-10-18T16:50:37 IST" time="0.014" errors="0">
  <testcase name="message" time="0.014" classname="Base.Simple"/>
  <system-out/>
</testsuite> <!-- Base.Simple -->
